  0%|          | 0/759 [00:00<?, ?it/s]Traceback (most recent call last):
  File "/mnt/d/workspace/qtrade2/qtrade.py", line 87, in get_stock_data
    df = ak.fund_etf_hist_em(symbol=code, period="daily", start_date="19900101",
  File "/home/zxl/anaconda3/lib/python3.9/site-packages/akshare/fund/fund_etf_em.py", line 154, in fund_etf_hist_em
    "secid": f"{code_id_dict[symbol]}.{symbol}",
Traceback (most recent call last):
KeyError: '511260'
  File "/mnt/d/workspace/qtrade2/qtrade.py", line 87, in get_stock_data
    df = ak.fund_etf_hist_em(symbol=code, period="daily", start_date="19900101",
  File "/home/zxl/anaconda3/lib/python3.9/site-packages/akshare/fund/fund_etf_em.py", line 154, in fund_etf_hist_em
    "secid": f"{code_id_dict[symbol]}.{symbol}",
KeyError: '511010'
Traceback (most recent call last):
  File "/mnt/d/workspace/qtrade2/qtrade.py", line 87, in get_stock_data
    df = ak.fund_etf_hist_em(symbol=code, period="daily", start_date="19900101",
  File "/home/zxl/anaconda3/lib/python3.9/site-packages/akshare/fund/fund_etf_em.py", line 154, in fund_etf_hist_em
    "secid": f"{code_id_dict[symbol]}.{symbol}",
Traceback (most recent call last):
KeyError: '511580'
  File "/mnt/d/workspace/qtrade2/qtrade.py", line 87, in get_stock_data
    df = ak.fund_etf_hist_em(symbol=code, period="daily", start_date="19900101",
Traceback (most recent call last):
  File "/home/zxl/anaconda3/lib/python3.9/site-packages/akshare/fund/fund_etf_em.py", line 154, in fund_etf_hist_em
    "secid": f"{code_id_dict[symbol]}.{symbol}",
Traceback (most recent call last):
Traceback (most recent call last):
  File "/mnt/d/workspace/qtrade2/qtrade.py", line 87, in get_stock_data
    df = ak.fund_etf_hist_em(symbol=code, period="daily", start_date="19900101",
KeyError: '159985'
  File "/mnt/d/workspace/qtrade2/qtrade.py", line 87, in get_stock_data
    df = ak.fund_etf_hist_em(symbol=code, period="daily", start_date="19900101",
  File "/mnt/d/workspace/qtrade2/qtrade.py", line 87, in get_stock_data
    df = ak.fund_etf_hist_em(symbol=code, period="daily", start_date="19900101",
  File "/home/zxl/anaconda3/lib/python3.9/site-packages/akshare/fund/fund_etf_em.py", line 154, in fund_etf_hist_em
    "secid": f"{code_id_dict[symbol]}.{symbol}",
  File "/home/zxl/anaconda3/lib/python3.9/site-packages/akshare/fund/fund_etf_em.py", line 154, in fund_etf_hist_em
    "secid": f"{code_id_dict[symbol]}.{symbol}",
KeyError: '511360'
KeyError: '159816'
  File "/home/zxl/anaconda3/lib/python3.9/site-packages/akshare/fund/fund_etf_em.py", line 154, in fund_etf_hist_em
    "secid": f"{code_id_dict[symbol]}.{symbol}",
Traceback (most recent call last):
KeyError: '159972'
  File "/mnt/d/workspace/qtrade2/qtrade.py", line 87, in get_stock_data
    df = ak.fund_etf_hist_em(symbol=code, period="daily", start_date="19900101",
  0%|          | 3/759 [00:00<00:43, 17.23it/s]  File "/home/zxl/anaconda3/lib/python3.9/site-packages/akshare/fund/fund_etf_em.py", line 154, in fund_etf_hist_em
    "secid": f"{code_id_dict[symbol]}.{symbol}",
KeyError: '159981'
Traceback (most recent call last):
  File "/mnt/d/workspace/qtrade2/qtrade.py", line 87, in get_stock_data
    df = ak.fund_etf_hist_em(symbol=code, period="daily", start_date="19900101",
  File "/home/zxl/anaconda3/lib/python3.9/site-packages/akshare/fund/fund_etf_em.py", line 154, in fund_etf_hist_em
    "secid": f"{code_id_dict[symbol]}.{symbol}",
KeyError: '159831'
Traceback (most recent call last):
  File "/mnt/d/workspace/qtrade2/qtrade.py", line 87, in get_stock_data
    df = ak.fund_etf_hist_em(symbol=code, period="daily", start_date="19900101",
  File "/home/zxl/anaconda3/lib/python3.9/site-packages/akshare/fund/fund_etf_em.py", line 154, in fund_etf_hist_em
    "secid": f"{code_id_dict[symbol]}.{symbol}",
KeyError: '511060'
Traceback (most recent call last):
  File "/mnt/d/workspace/qtrade2/qtrade.py", line 87, in get_stock_data
    df = ak.fund_etf_hist_em(symbol=code, period="daily", start_date="19900101",
  File "/home/zxl/anaconda3/lib/python3.9/site-packages/akshare/fund/fund_etf_em.py", line 154, in fund_etf_hist_em
    "secid": f"{code_id_dict[symbol]}.{symbol}",
KeyError: '159833'
Traceback (most recent call last):
  File "/mnt/d/workspace/qtrade2/qtrade.py", line 87, in get_stock_data
    df = ak.fund_etf_hist_em(symbol=code, period="daily", start_date="19900101",
  File "/home/zxl/anaconda3/lib/python3.9/site-packages/akshare/fund/fund_etf_em.py", line 154, in fund_etf_hist_em
    "secid": f"{code_id_dict[symbol]}.{symbol}",
KeyError: '511220'
Traceback (most recent call last):
  File "/mnt/d/workspace/qtrade2/qtrade.py", line 87, in get_stock_data
    df = ak.fund_etf_hist_em(symbol=code, period="daily", start_date="19900101",
  File "/home/zxl/anaconda3/lib/python3.9/site-packages/akshare/fund/fund_etf_em.py", line 154, in fund_etf_hist_em
    "secid": f"{code_id_dict[symbol]}.{symbol}",
KeyError: '159980'
Traceback (most recent call last):
  File "/mnt/d/workspace/qtrade2/qtrade.py", line 87, in get_stock_data
    df = ak.fund_etf_hist_em(symbol=code, period="daily", start_date="19900101",
  File "/home/zxl/anaconda3/lib/python3.9/site-packages/akshare/fund/fund_etf_em.py", line 154, in fund_etf_hist_em
    "secid": f"{code_id_dict[symbol]}.{symbol}",
Traceback (most recent call last):
KeyError: '511030'
  File "/mnt/d/workspace/qtrade2/qtrade.py", line 87, in get_stock_data
    df = ak.fund_etf_hist_em(symbol=code, period="daily", start_date="19900101",
  File "/home/zxl/anaconda3/lib/python3.9/site-packages/akshare/fund/fund_etf_em.py", line 154, in fund_etf_hist_em
    "secid": f"{code_id_dict[symbol]}.{symbol}",
KeyError: '159834'
Traceback (most recent call last):
  File "/mnt/d/workspace/qtrade2/qtrade.py", line 87, in get_stock_data
    df = ak.fund_etf_hist_em(symbol=code, period="daily", start_date="19900101",
  File "/home/zxl/anaconda3/lib/python3.9/site-packages/akshare/fund/fund_etf_em.py", line 154, in fund_etf_hist_em
    "secid": f"{code_id_dict[symbol]}.{symbol}",
Traceback (most recent call last):
Traceback (most recent call last):
  File "/mnt/d/workspace/qtrade2/qtrade.py", line 87, in get_stock_data
    df = ak.fund_etf_hist_em(symbol=code, period="daily", start_date="19900101",
  File "/mnt/d/workspace/qtrade2/qtrade.py", line 87, in get_stock_data
    df = ak.fund_etf_hist_em(symbol=code, period="daily", start_date="19900101",
  File "/home/zxl/anaconda3/lib/python3.9/site-packages/akshare/fund/fund_etf_em.py", line 154, in fund_etf_hist_em
    "secid": f"{code_id_dict[symbol]}.{symbol}",
  File "/home/zxl/anaconda3/lib/python3.9/site-packages/akshare/fund/fund_etf_em.py", line 154, in fund_etf_hist_em
    "secid": f"{code_id_dict[symbol]}.{symbol}",
KeyError: '511180'
KeyError: '159812'
KeyError: '511270'
Traceback (most recent call last):
  File "/mnt/d/workspace/qtrade2/qtrade.py", line 87, in get_stock_data
    df = ak.fund_etf_hist_em(symbol=code, period="daily", start_date="19900101",
  File "/home/zxl/anaconda3/lib/python3.9/site-packages/akshare/fund/fund_etf_em.py", line 154, in fund_etf_hist_em
    "secid": f"{code_id_dict[symbol]}.{symbol}",
KeyError: '159649'
Traceback (most recent call last):
  File "/mnt/d/workspace/qtrade2/qtrade.py", line 87, in get_stock_data
    df = ak.fund_etf_hist_em(symbol=code, period="daily", start_date="19900101",
  File "/home/zxl/anaconda3/lib/python3.9/site-packages/akshare/fund/fund_etf_em.py", line 154, in fund_etf_hist_em
    "secid": f"{code_id_dict[symbol]}.{symbol}",
KeyError: '159830'
Traceback (most recent call last):
Traceback (most recent call last):
  File "/mnt/d/workspace/qtrade2/qtrade.py", line 87, in get_stock_data
    df = ak.fund_etf_hist_em(symbol=code, period="daily", start_date="19900101",
  File "/mnt/d/workspace/qtrade2/qtrade.py", line 87, in get_stock_data
    df = ak.fund_etf_hist_em(symbol=code, period="daily", start_date="19900101",
  File "/home/zxl/anaconda3/lib/python3.9/site-packages/akshare/fund/fund_etf_em.py", line 154, in fund_etf_hist_em
    "secid": f"{code_id_dict[symbol]}.{symbol}",
KeyError: '511380'
  File "/home/zxl/anaconda3/lib/python3.9/site-packages/akshare/fund/fund_etf_em.py", line 154, in fund_etf_hist_em
    "secid": f"{code_id_dict[symbol]}.{symbol}",
KeyError: '159650'
Traceback (most recent call last):
  File "/mnt/d/workspace/qtrade2/qtrade.py", line 87, in get_stock_data
    df = ak.fund_etf_hist_em(symbol=code, period="daily", start_date="19900101",
  File "/home/zxl/anaconda3/lib/python3.9/site-packages/akshare/fund/fund_etf_em.py", line 154, in fund_etf_hist_em
    "secid": f"{code_id_dict[symbol]}.{symbol}",
KeyError: '511520'
Traceback (most recent call last):
  File "/mnt/d/workspace/qtrade2/qtrade.py", line 87, in get_stock_data
    df = ak.fund_etf_hist_em(symbol=code, period="daily", start_date="19900101",
  File "/home/zxl/anaconda3/lib/python3.9/site-packages/akshare/fund/fund_etf_em.py", line 154, in fund_etf_hist_em
    "secid": f"{code_id_dict[symbol]}.{symbol}",
KeyError: '159651'
Traceback (most recent call last):
  File "/mnt/d/workspace/qtrade2/qtrade.py", line 87, in get_stock_data
    df = ak.fund_etf_hist_em(symbol=code, period="daily", start_date="19900101",
  File "/home/zxl/anaconda3/lib/python3.9/site-packages/akshare/fund/fund_etf_em.py", line 154, in fund_etf_hist_em
    "secid": f"{code_id_dict[symbol]}.{symbol}",
KeyError: '511020'
  1%|          | 5/759 [00:00<02:20,  5.36it/s]  2%|▏         | 18/759 [00:01<00:46, 15.96it/s]  3%|▎         | 20/759 [00:02<01:24,  8.73it/s]  3%|▎         | 22/759 [00:02<01:16,  9.69it/s]